This is pdfTeX, Version 3.14159265-2.6-1.40.17 (TeX Live 2016) (preloaded format=latex 2016.12.12)  12 JAN 2017 15:17
entering extended mode
 restricted \write18 enabled.
 %&-line parsing enabled.
**./images.tex
(./images.tex
LaTeX2e <2016/03/31> patch level 3
Babel <3.9r> and hyphenation patterns for 83 language(s) loaded.


(/sasbuild/build/sasbld12/GNU_CC_CXX_6.2/reltrack_relgfortran6.2_6.2_build/pack
ages/sas/doc/lib/sasdoc.cls
Document Class: sasdoc 1998/01/08 v1.0 ESA XMM Science Analysis System document
 class $Revision: 1.12 $ $Date: 2009/02/05 15:40:14 $

(/sasbuild/local/sasbld12/GNU_CC_CXX_6.2/texlive/texmf-dist/tex/latex/base/ifth
en.sty
Package: ifthen 2014/09/29 v1.1c Standard LaTeX ifthen package (DPC)
)
(/sasbuild/local/sasbld12/GNU_CC_CXX_6.2/texlive/texmf-dist/tex/latex/fancyhdr/
fancyhdr.sty
Package: fancyhdr 2016/09/06 3.8 Extensive control of page headers and footers
\fancy@headwidth=\skip41
\f@ncyO@elh=\skip42
\f@ncyO@erh=\skip43
\f@ncyO@olh=\skip44
\f@ncyO@orh=\skip45
\f@ncyO@elf=\skip46
\f@ncyO@erf=\skip47
\f@ncyO@olf=\skip48
\f@ncyO@orf=\skip49
)
(/sasbuild/local/sasbld12/GNU_CC_CXX_6.2/texlive/texmf-dist/tex/latex/multirow/
multirow.sty
Package: multirow 2016/11/25 v2.2 Span multiple rows of a table
\multirow@colwidth=\skip50
\multirow@cntb=\count79
\multirow@dima=\skip51
\bigstrutjot=\dimen102
)
(/sasbuild/local/sasbld12/GNU_CC_CXX_6.2/texlive/texmf-dist/tex/latex/graphics/
epsfig.sty
Package: epsfig 1999/02/16 v1.7a (e)psfig emulation (SPQR)

(/sasbuild/local/sasbld12/GNU_CC_CXX_6.2/texlive/texmf-dist/tex/latex/graphics/
graphicx.sty
Package: graphicx 2014/10/28 v1.0g Enhanced LaTeX Graphics (DPC,SPQR)

(/sasbuild/local/sasbld12/GNU_CC_CXX_6.2/texlive/texmf-dist/tex/latex/graphics/
keyval.sty
Package: keyval 2014/10/28 v1.15 key=value parser (DPC)
\KV@toks@=\toks14
)
(/sasbuild/local/sasbld12/GNU_CC_CXX_6.2/texlive/texmf-dist/tex/latex/graphics/
graphics.sty
Package: graphics 2016/07/10 v1.0t Standard LaTeX Graphics (DPC,SPQR)

(/sasbuild/local/sasbld12/GNU_CC_CXX_6.2/texlive/texmf-dist/tex/latex/graphics/
trig.sty
Package: trig 2016/01/03 v1.10 sin cos tan (DPC)
)
(/sasbuild/local/sasbld12/GNU_CC_CXX_6.2/texlive/texmf-dist/tex/latex/graphics-
cfg/graphics.cfg
File: graphics.cfg 2016/06/04 v1.11 sample graphics configuration
)
Package graphics Info: Driver file: dvips.def on input line 99.

(/sasbuild/local/sasbld12/GNU_CC_CXX_6.2/texlive/texmf-dist/tex/latex/graphics-
def/dvips.def
File: dvips.def 2016/07/10 v3.1a Driver-dependent file (DPC,SPQR)
))
\Gin@req@height=\dimen103
\Gin@req@width=\dimen104
)
\epsfxsize=\dimen105
\epsfysize=\dimen106
)
(/sasbuild/local/sasbld12/GNU_CC_CXX_6.2/texlive/texmf-dist/tex/latex/float/flo
at.sty
Package: float 2001/11/08 v1.3d Float enhancements (AL)
\c@float@type=\count80
\float@exts=\toks15
\float@box=\box26
\@float@everytoks=\toks16
\@floatcapt=\box27
)
(/sasbuild/local/sasbld12/GNU_CC_CXX_6.2/texlive/texmf-dist/tex/latex/base/arti
cle.cls
Document Class: article 2014/09/29 v1.4h Standard LaTeX document class

(/sasbuild/local/sasbld12/GNU_CC_CXX_6.2/texlive/texmf-dist/tex/latex/base/size
10.clo
File: size10.clo 2014/09/29 v1.4h Standard LaTeX file (size option)
)
\c@part=\count81
\c@section=\count82
\c@subsection=\count83
\c@subsubsection=\count84
\c@paragraph=\count85
\c@subparagraph=\count86
\c@figure=\count87
\c@table=\count88
\abovecaptionskip=\skip52
\belowcaptionskip=\skip53
\bibindent=\dimen107
))
(/sasbuild/local/sasbld12/GNU_CC_CXX_6.2/texlive/texmf-local/tex/latex/html/htm
l.sty
Package: html 1999/07/19 v1.38 hypertext commands for latex2html (nd, hws, rrm)

\c@lpart=\count89
\c@lchapter=\count90
\c@chapter=\count91
\c@lsection=\count92
\c@lsubsection=\count93
\c@lsubsubsection=\count94
\c@lparagraph=\count95
\c@lsubparagraph=\count96
\c@lsubsubparagraph=\count97
\ptrfile=\write3
)
(/sasbuild/local/sasbld12/GNU_CC_CXX_6.2/texlive/texmf-dist/tex/latex/base/allt
t.sty
Package: alltt 1997/06/16 v2.0g defines alltt environment
)
(/sasbuild/local/sasbld12/GNU_CC_CXX_6.2/texlive/texmf-dist/tex/latex/moreverb/
moreverb.sty
Package: moreverb 2008/06/03 v2.3a `more' verbatim facilities

(/sasbuild/local/sasbld12/GNU_CC_CXX_6.2/texlive/texmf-dist/tex/latex/tools/ver
batim.sty
Package: verbatim 2014/10/28 v1.5q LaTeX2e package for verbatim enhancements
\every@verbatim=\toks17
\verbatim@line=\toks18
\verbatim@in@stream=\read1
)
\tab@position=\count98
\tab@size=\count99
\listing@line=\count100
)
(/sasbuild/local/sasbld12/GNU_CC_CXX_6.2/texlive/texmf-dist/tex/latex/supertabu
lar/supertabular.sty
Package: supertabular 2004/02/20 v4.1e the supertabular environment
\c@tracingst=\count101
\ST@wd=\dimen108
\ST@rightskip=\skip54
\ST@leftskip=\skip55
\ST@parfillskip=\skip56
\ST@pageleft=\dimen109
\ST@headht=\dimen110
\ST@tailht=\dimen111
\ST@pagesofar=\dimen112
\ST@pboxht=\dimen113
\ST@lineht=\dimen114
\ST@stretchht=\dimen115
\ST@prevht=\dimen116
\ST@toadd=\dimen117
\ST@dimen=\dimen118
\ST@pbox=\box28
)
(/sasbuild/local/sasbld12/GNU_CC_CXX_6.2/texlive/texmf-dist/tex/latex/base/make
idx.sty
Package: makeidx 2014/09/29 v1.0m Standard LaTeX package
)
(/sasbuild/build/sasbld12/GNU_CC_CXX_6.2/reltrack_relgfortran6.2_6.2_build/pack
ages/sas/doc/lib/sasref.sty
(/sasbuild/local/sasbld12/GNU_CC_CXX_6.2/texlive/texmf-dist/tex/latex/tools/tab
ularx.sty
Package: tabularx 2016/02/03 v2.11 `tabularx' package (DPC)

(/sasbuild/local/sasbld12/GNU_CC_CXX_6.2/texlive/texmf-dist/tex/latex/tools/arr
ay.sty
Package: array 2014/10/28 v2.4c Tabular extension package (FMi)
\col@sep=\dimen119
\extrarowheight=\dimen120
\NC@list=\toks19
\extratabsurround=\skip57
\backup@length=\skip58
)
\TX@col@width=\dimen121
\TX@old@table=\dimen122
\TX@old@col=\dimen123
\TX@target=\dimen124
\TX@delta=\dimen125
\TX@cols=\count102
\TX@ftn=\toks20
))
\@indexfile=\write4
\openout4 = `images.idx'.

Writing index file images.idx

(/sasbuild/local/sasbld12/GNU_CC_CXX_6.2/texlive/texmf-dist/tex/latex/graphics/
color.sty
Package: color 2016/07/10 v1.1e Standard LaTeX Color (DPC)

(/sasbuild/local/sasbld12/GNU_CC_CXX_6.2/texlive/texmf-dist/tex/latex/graphics-
cfg/color.cfg
File: color.cfg 2016/01/02 v1.6 sample color configuration
)
Package color Info: Driver file: dvips.def on input line 147.

(/sasbuild/local/sasbld12/GNU_CC_CXX_6.2/texlive/texmf-dist/tex/latex/graphics/
dvipsnam.def
File: dvipsnam.def 2016/06/17 v3.0m Driver-dependent file (DPC,SPQR)
))
(/sasbuild/local/sasbld12/GNU_CC_CXX_6.2/texlive/texmf-dist/tex/latex/base/inpu
tenc.sty
Package: inputenc 2015/03/17 v1.2c Input encoding file
\inpenc@prehook=\toks21
\inpenc@posthook=\toks22
)
\sizebox=\box29
\lthtmlwrite=\write5
(./images.aux)
\openout1 = `images.aux'.

LaTeX Font Info:    Checking defaults for OML/cmm/m/it on input line 199.
LaTeX Font Info:    ... okay on input line 199.
LaTeX Font Info:    Checking defaults for T1/cmr/m/n on input line 199.
LaTeX Font Info:    ... okay on input line 199.
LaTeX Font Info:    Checking defaults for OT1/cmr/m/n on input line 199.
LaTeX Font Info:    ... okay on input line 199.
LaTeX Font Info:    Checking defaults for OMS/cmsy/m/n on input line 199.
LaTeX Font Info:    ... okay on input line 199.
LaTeX Font Info:    Checking defaults for OMX/cmex/m/n on input line 199.
LaTeX Font Info:    ... okay on input line 199.
LaTeX Font Info:    Checking defaults for U/cmr/m/n on input line 199.
LaTeX Font Info:    ... okay on input line 199.

latex2htmlLength hsize=451.0pt

latex2htmlLength vsize=554.0pt

latex2htmlLength hoffset=0.0pt

latex2htmlLength voffset=0.0pt

latex2htmlLength topmargin=0.0pt

latex2htmlLength topskip=0.00003pt

latex2htmlLength headheight=0.0pt

latex2htmlLength headsep=0.0pt

latex2htmlLength parskip=12.0pt

latex2htmlLength oddsidemargin=0.0pt

latex2htmlLength evensidemargin=0.0pt

LaTeX Font Info:    External font `cmex10' loaded for size
(Font)              <7> on input line 226.
LaTeX Font Info:    External font `cmex10' loaded for size
(Font)              <5> on input line 226.
l2hSize :tex2html_wrap_inline1664:10.59998pt::10.59998pt::80.51129pt.
[1



]
l2hSize :tex2html_wrap_inline1666:6.45831pt::0.0pt::12.16664pt.
[2


]
l2hSize :tex2html_wrap_inline1668:6.94444pt::0.0pt::243.0001pt.
[3


]
l2hSize :tex2html_wrap_inline1670:6.45831pt::0.0pt::91.0035pt.
[4


]
l2hSize :tex2html_wrap_inline1672:6.45831pt::0.0pt::84.6007pt.
[5


]
l2hSize :tex2html_wrap_inline1674:8.0pt::8.0pt::91.0035pt.
[6


]
l2hSize :tex2html_wrap_inline1676:6.45831pt::0.0pt::16.61122pt.
[7


]
l2hSize :tex2html_wrap_inline1678:8.0pt::8.0pt::91.0035pt.
[8


]
l2hSize :tex2html_wrap_inline1682:8.64003pt::8.64003pt::116.73969pt.
[9


]
l2hSize :tex2html_wrap_inline1684:8.64003pt::8.64003pt::106.73965pt.
[10


]
l2hSize :tex2html_wrap_inline1686:6.45831pt::0.0pt::6.55908pt.
[11


]
l2hSize :tex2html_wrap_inline1688:6.45831pt::0.0pt::6.2153pt.
[12


]
l2hSize :tex2html_wrap_inline1692:8.0pt::8.0pt::16.47691pt.
[13


]
l2hSize :tex2html_wrap_inline1694:6.95831pt::6.95831pt::13.52779pt.
[14


]
l2hSize :tex2html_wrap_inline1696:6.95831pt::6.95831pt::29.27765pt.
[15


]
l2hSize :tex2html_wrap_inline1698:6.95831pt::6.95831pt::29.27765pt.
[16


]
l2hSize :tex2html_wrap_inline1700:6.45831pt::0.0pt::15.99995pt.
[17


]
l2hSize :tex2html_wrap_inline1702:8.0pt::8.0pt::15.99995pt.
[18


]
l2hSize :tex2html_wrap_inline1704:7.44444pt::7.44444pt::16.05556pt.
[19


]
l2hSize :tex2html_wrap_inline1706:6.95831pt::6.95831pt::57.97206pt.
[20


]
l2hSize :tex2html_wrap_inline1708:6.45831pt::0.0pt::26.49986pt.
[21


]
l2hSize :tex2html_wrap_inline1710:8.0pt::8.0pt::5.50005pt.
[22


]
l2hSize :tex2html_wrap_inline1712:6.45831pt::0.0pt::7.16672pt.
[23


]
l2hSize :tex2html_wrap_inline1716:6.45831pt::0.0pt::8.27783pt.
[24


]
l2hSize :tex2html_wrap_inline3576:7.58334pt::7.58334pt::135.8014pt.
[25


]
l2hSize :tex2html_wrap_inline3577:18.47223pt::18.47223pt::316.19865pt.
[26


]
l2hSize :tex2html_wrap_inline3578:7.58334pt::7.58334pt::135.8014pt.
[27


]
l2hSize :tex2html_wrap_inline3579:12.75pt::12.75pt::316.19865pt.
[28


]
l2hSize :tex2html_wrap_inline3580:7.58334pt::7.58334pt::135.8014pt.
[29


]
l2hSize :tex2html_wrap_inline3581:7.44444pt::7.44444pt::316.19865pt.
[30


]
l2hSize :tex2html_wrap_inline3582:7.58334pt::7.58334pt::135.8014pt.
[31


]
l2hSize :tex2html_wrap_inline3583:8.0pt::8.0pt::316.19865pt.
[32


]
l2hSize :tex2html_wrap_inline3584:7.58334pt::7.58334pt::135.8014pt.
[33


]
l2hSize :tex2html_wrap_inline3585:13.72223pt::13.72223pt::316.19865pt.
[34


]
l2hSize :tex2html_wrap_inline3586:13.58334pt::13.58334pt::135.8014pt.
[35


]
l2hSize :tex2html_wrap_inline3587:7.44444pt::7.44444pt::316.19865pt.
[36


]
l2hSize :tex2html_wrap_inline3588:6.95831pt::6.95831pt::135.8014pt.
[37


]
l2hSize :tex2html_wrap_inline3589:6.95831pt::6.95831pt::316.19865pt.
[38


]
l2hSize :tex2html_wrap_inline3590:7.16666pt::7.16666pt::135.8014pt.
[39


]
l2hSize :tex2html_wrap_inline3591:6.95831pt::6.95831pt::316.19865pt.
[40


]
l2hSize :tex2html_wrap_inline3592:7.58334pt::7.58334pt::135.8014pt.
[41


]
l2hSize :tex2html_wrap_inline3593:13.58334pt::13.58334pt::316.19865pt.
[42


]
l2hSize :tex2html_wrap_inline3594:6.95831pt::6.95831pt::135.8014pt.
[43


]
Underfull \hbox (badness 1810) in paragraph at lines 511--511
[]\OT1/cmr/m/n/10 the an-gle in dec-i-mal de-grees that the re-gio-nis ro-tated
 with re-
 []


Underfull \hbox (badness 1577) in paragraph at lines 511--511
\OT1/cmr/m/n/10 with-re-spect to the lower left cor-ner (\OT1/cmtt/m/n/10 xLoLe
ft,yLoLeft\OT1/cmr/m/n/10 ) - el-lip-ti-
 []

l2hSize :tex2html_wrap_inline3595:31.72223pt::31.72223pt::316.19865pt.
[44


]
l2hSize :tex2html_wrap_inline3596:7.16666pt::7.16666pt::135.8014pt.
[45


]
l2hSize :tex2html_wrap_inline3597:7.44444pt::7.44444pt::316.19865pt.
[46


]
l2hSize :tex2html_wrap_inline3599:6.45831pt::0.0pt::135.8014pt.
[47


]
l2hSize :tex2html_wrap_inline3600:7.16667pt::7.16667pt::135.8014pt.
[48


]
l2hSize :tex2html_wrap_inline3601:6.95831pt::6.95831pt::135.8014pt.
[49


]
l2hSize :tex2html_wrap_inline1720:8.0pt::8.0pt::33.69914pt.
[50


]
l2hSize :tex2html_wrap_inline1722:8.0pt::8.0pt::23.69911pt.
[51


]
l2hSize :tex2html_wrap_inline1724:6.45831pt::0.0pt::6.50238pt.
[52


]
l2hSize :displaymath630:14.5pt::0.0pt::451.0pt.
[53


]
l2hSize :tex2html_wrap_inline1726:6.95831pt::6.95831pt::75.72162pt.
[54


]
l2hSize :tex2html_wrap_inline1728:6.95831pt::6.95831pt::76.19858pt.
[55


]
l2hSize :tex2html_wrap_inline1732:6.95831pt::6.95831pt::68.43738pt.
[56


]
l2hSize :tex2html_wrap_inline1734:6.94444pt::0.0pt::33.221pt.
[57


]
l2hSize :tex2html_wrap_inline1736:7.44444pt::7.44444pt::72.10983pt.
[58


]
l2hSize :tex2html_wrap_inline1738:7.44444pt::7.44444pt::64.33203pt.
[59


]
l2hSize :tex2html_wrap_inline1740:7.44444pt::7.44444pt::72.10983pt.
[60


]
l2hSize :tex2html_wrap_inline1742:7.44444pt::7.44444pt::64.33203pt.
[61


]
l2hSize :tex2html_wrap_inline1744:7.44444pt::7.44444pt::65.67186pt.
[62


]
l2hSize :tex2html_wrap_inline1746:7.44444pt::7.44444pt::57.89406pt.
[63


]
l2hSize :tex2html_wrap_inline1748:7.44444pt::7.44444pt::57.89406pt.
[64


]
l2hSize :tex2html_wrap_inline1750:7.44444pt::7.44444pt::50.11626pt.
[65


]
l2hSize :tex2html_wrap_inline1752:6.95831pt::6.95831pt::16.05563pt.
[66


] (./images.aux) ) 
Here is how much of TeX's memory you used:
 1728 strings out of 493014
 24889 string characters out of 6122337
 77588 words of memory out of 5000000
 5274 multiletter control sequences out of 15000+600000
 4144 words of font info for 17 fonts, out of 8000000 for 9000
 1141 hyphenation exceptions out of 8191
 39i,6n,45p,386b,147s stack positions out of 5000i,500n,10000p,200000b,80000s

Output written on images.dvi (66 pages, 15840 bytes).
