This is pdfTeX, Version 3.14159265-2.6-1.40.17 (TeX Live 2016) (preloaded format=latex 2016.12.12)  12 JAN 2017 15:14
entering extended mode
 restricted \write18 enabled.
 %&-line parsing enabled.
**./images.tex
(./images.tex
LaTeX2e <2016/03/31> patch level 3
Babel <3.9r> and hyphenation patterns for 83 language(s) loaded.


(/sasbuild/build/sasbld12/GNU_CC_CXX_6.2/reltrack_relgfortran6.2_6.2_build/pack
ages/sas/doc/lib/sasdoc.cls
Document Class: sasdoc 1998/01/08 v1.0 ESA XMM Science Analysis System document
 class $Revision: 1.12 $ $Date: 2009/02/05 15:40:14 $

(/sasbuild/local/sasbld12/GNU_CC_CXX_6.2/texlive/texmf-dist/tex/latex/base/ifth
en.sty
Package: ifthen 2014/09/29 v1.1c Standard LaTeX ifthen package (DPC)
)
(/sasbuild/local/sasbld12/GNU_CC_CXX_6.2/texlive/texmf-dist/tex/latex/fancyhdr/
fancyhdr.sty
Package: fancyhdr 2016/09/06 3.8 Extensive control of page headers and footers
\fancy@headwidth=\skip41
\f@ncyO@elh=\skip42
\f@ncyO@erh=\skip43
\f@ncyO@olh=\skip44
\f@ncyO@orh=\skip45
\f@ncyO@elf=\skip46
\f@ncyO@erf=\skip47
\f@ncyO@olf=\skip48
\f@ncyO@orf=\skip49
)
(/sasbuild/local/sasbld12/GNU_CC_CXX_6.2/texlive/texmf-dist/tex/latex/multirow/
multirow.sty
Package: multirow 2016/11/25 v2.2 Span multiple rows of a table
\multirow@colwidth=\skip50
\multirow@cntb=\count79
\multirow@dima=\skip51
\bigstrutjot=\dimen102
)
(/sasbuild/local/sasbld12/GNU_CC_CXX_6.2/texlive/texmf-dist/tex/latex/graphics/
epsfig.sty
Package: epsfig 1999/02/16 v1.7a (e)psfig emulation (SPQR)

(/sasbuild/local/sasbld12/GNU_CC_CXX_6.2/texlive/texmf-dist/tex/latex/graphics/
graphicx.sty
Package: graphicx 2014/10/28 v1.0g Enhanced LaTeX Graphics (DPC,SPQR)

(/sasbuild/local/sasbld12/GNU_CC_CXX_6.2/texlive/texmf-dist/tex/latex/graphics/
keyval.sty
Package: keyval 2014/10/28 v1.15 key=value parser (DPC)
\KV@toks@=\toks14
)
(/sasbuild/local/sasbld12/GNU_CC_CXX_6.2/texlive/texmf-dist/tex/latex/graphics/
graphics.sty
Package: graphics 2016/07/10 v1.0t Standard LaTeX Graphics (DPC,SPQR)

(/sasbuild/local/sasbld12/GNU_CC_CXX_6.2/texlive/texmf-dist/tex/latex/graphics/
trig.sty
Package: trig 2016/01/03 v1.10 sin cos tan (DPC)
)
(/sasbuild/local/sasbld12/GNU_CC_CXX_6.2/texlive/texmf-dist/tex/latex/graphics-
cfg/graphics.cfg
File: graphics.cfg 2016/06/04 v1.11 sample graphics configuration
)
Package graphics Info: Driver file: dvips.def on input line 99.

(/sasbuild/local/sasbld12/GNU_CC_CXX_6.2/texlive/texmf-dist/tex/latex/graphics-
def/dvips.def
File: dvips.def 2016/07/10 v3.1a Driver-dependent file (DPC,SPQR)
))
\Gin@req@height=\dimen103
\Gin@req@width=\dimen104
)
\epsfxsize=\dimen105
\epsfysize=\dimen106
)
(/sasbuild/local/sasbld12/GNU_CC_CXX_6.2/texlive/texmf-dist/tex/latex/float/flo
at.sty
Package: float 2001/11/08 v1.3d Float enhancements (AL)
\c@float@type=\count80
\float@exts=\toks15
\float@box=\box26
\@float@everytoks=\toks16
\@floatcapt=\box27
)
(/sasbuild/local/sasbld12/GNU_CC_CXX_6.2/texlive/texmf-dist/tex/latex/base/arti
cle.cls
Document Class: article 2014/09/29 v1.4h Standard LaTeX document class

(/sasbuild/local/sasbld12/GNU_CC_CXX_6.2/texlive/texmf-dist/tex/latex/base/size
10.clo
File: size10.clo 2014/09/29 v1.4h Standard LaTeX file (size option)
)
\c@part=\count81
\c@section=\count82
\c@subsection=\count83
\c@subsubsection=\count84
\c@paragraph=\count85
\c@subparagraph=\count86
\c@figure=\count87
\c@table=\count88
\abovecaptionskip=\skip52
\belowcaptionskip=\skip53
\bibindent=\dimen107
))
(/sasbuild/local/sasbld12/GNU_CC_CXX_6.2/texlive/texmf-local/tex/latex/html/htm
l.sty
Package: html 1999/07/19 v1.38 hypertext commands for latex2html (nd, hws, rrm)

\c@lpart=\count89
\c@lchapter=\count90
\c@chapter=\count91
\c@lsection=\count92
\c@lsubsection=\count93
\c@lsubsubsection=\count94
\c@lparagraph=\count95
\c@lsubparagraph=\count96
\c@lsubsubparagraph=\count97
\ptrfile=\write3
)
(/sasbuild/local/sasbld12/GNU_CC_CXX_6.2/texlive/texmf-dist/tex/latex/base/allt
t.sty
Package: alltt 1997/06/16 v2.0g defines alltt environment
)
(/sasbuild/local/sasbld12/GNU_CC_CXX_6.2/texlive/texmf-dist/tex/latex/moreverb/
moreverb.sty
Package: moreverb 2008/06/03 v2.3a `more' verbatim facilities

(/sasbuild/local/sasbld12/GNU_CC_CXX_6.2/texlive/texmf-dist/tex/latex/tools/ver
batim.sty
Package: verbatim 2014/10/28 v1.5q LaTeX2e package for verbatim enhancements
\every@verbatim=\toks17
\verbatim@line=\toks18
\verbatim@in@stream=\read1
)
\tab@position=\count98
\tab@size=\count99
\listing@line=\count100
)
(/sasbuild/local/sasbld12/GNU_CC_CXX_6.2/texlive/texmf-dist/tex/latex/supertabu
lar/supertabular.sty
Package: supertabular 2004/02/20 v4.1e the supertabular environment
\c@tracingst=\count101
\ST@wd=\dimen108
\ST@rightskip=\skip54
\ST@leftskip=\skip55
\ST@parfillskip=\skip56
\ST@pageleft=\dimen109
\ST@headht=\dimen110
\ST@tailht=\dimen111
\ST@pagesofar=\dimen112
\ST@pboxht=\dimen113
\ST@lineht=\dimen114
\ST@stretchht=\dimen115
\ST@prevht=\dimen116
\ST@toadd=\dimen117
\ST@dimen=\dimen118
\ST@pbox=\box28
)
(/sasbuild/local/sasbld12/GNU_CC_CXX_6.2/texlive/texmf-dist/tex/latex/base/make
idx.sty
Package: makeidx 2014/09/29 v1.0m Standard LaTeX package
)
(/sasbuild/build/sasbld12/GNU_CC_CXX_6.2/reltrack_relgfortran6.2_6.2_build/pack
ages/sas/doc/lib/sasref.sty
(/sasbuild/local/sasbld12/GNU_CC_CXX_6.2/texlive/texmf-dist/tex/latex/tools/tab
ularx.sty
Package: tabularx 2016/02/03 v2.11 `tabularx' package (DPC)

(/sasbuild/local/sasbld12/GNU_CC_CXX_6.2/texlive/texmf-dist/tex/latex/tools/arr
ay.sty
Package: array 2014/10/28 v2.4c Tabular extension package (FMi)
\col@sep=\dimen119
\extrarowheight=\dimen120
\NC@list=\toks19
\extratabsurround=\skip57
\backup@length=\skip58
)
\TX@col@width=\dimen121
\TX@old@table=\dimen122
\TX@old@col=\dimen123
\TX@target=\dimen124
\TX@delta=\dimen125
\TX@cols=\count102
\TX@ftn=\toks20
))
\@indexfile=\write4
\openout4 = `images.idx'.

Writing index file images.idx

(/sasbuild/local/sasbld12/GNU_CC_CXX_6.2/texlive/texmf-dist/tex/latex/graphics/
color.sty
Package: color 2016/07/10 v1.1e Standard LaTeX Color (DPC)

(/sasbuild/local/sasbld12/GNU_CC_CXX_6.2/texlive/texmf-dist/tex/latex/graphics-
cfg/color.cfg
File: color.cfg 2016/01/02 v1.6 sample color configuration
)
Package color Info: Driver file: dvips.def on input line 147.

(/sasbuild/local/sasbld12/GNU_CC_CXX_6.2/texlive/texmf-dist/tex/latex/graphics/
dvipsnam.def
File: dvipsnam.def 2016/06/17 v3.0m Driver-dependent file (DPC,SPQR)
))
(/sasbuild/local/sasbld12/GNU_CC_CXX_6.2/texlive/texmf-dist/tex/latex/base/inpu
tenc.sty
Package: inputenc 2015/03/17 v1.2c Input encoding file
\inpenc@prehook=\toks21
\inpenc@posthook=\toks22
)
\sizebox=\box29
\lthtmlwrite=\write5
(./images.aux

LaTeX Warning: Label `func:f90:block' multiply defined.


LaTeX Warning: Label `func:f90:boolArray2Data' multiply defined.


LaTeX Warning: Label `func:f90:boolArray3Data' multiply defined.


LaTeX Warning: Label `func:f90:boolArray4Data' multiply defined.


LaTeX Warning: Label `func:f90:boolVectorData' multiply defined.


LaTeX Warning: Label `func:f90:int8Array2Data' multiply defined.


LaTeX Warning: Label `func:f90:int8Array3Data' multiply defined.


LaTeX Warning: Label `func:f90:int8Array4Data' multiply defined.


LaTeX Warning: Label `func:f90:int8VectorData' multiply defined.


LaTeX Warning: Label `func:f90:int16Array2Data' multiply defined.


LaTeX Warning: Label `func:f90:int16Array3Data' multiply defined.


LaTeX Warning: Label `func:f90:int16Array4Data' multiply defined.


LaTeX Warning: Label `func:f90:int16VectorData' multiply defined.


LaTeX Warning: Label `func:f90:int32Array2Data' multiply defined.


LaTeX Warning: Label `func:f90:int32Array3Data' multiply defined.


LaTeX Warning: Label `func:f90:int32Array4Data' multiply defined.


LaTeX Warning: Label `func:f90:int32VectorData' multiply defined.


LaTeX Warning: Label `func:f90:mode' multiply defined.


LaTeX Warning: Label `func:f90:parent' multiply defined.


LaTeX Warning: Label `func:f90:parent' multiply defined.


LaTeX Warning: Label `func:f90:parent' multiply defined.


LaTeX Warning: Label `func:f90:parent' multiply defined.


LaTeX Warning: Label `func:f90:real32Array2Data' multiply defined.


LaTeX Warning: Label `func:f90:real32Array3Data' multiply defined.


LaTeX Warning: Label `func:f90:real32Array4Data' multiply defined.


LaTeX Warning: Label `func:f90:real32VectorData' multiply defined.


LaTeX Warning: Label `func:f90:real64Array2Data' multiply defined.


LaTeX Warning: Label `func:f90:real64Array3Data' multiply defined.


LaTeX Warning: Label `func:f90:real64Array4Data' multiply defined.


LaTeX Warning: Label `func:f90:real64VectorData' multiply defined.

)
\openout1 = `images.aux'.

LaTeX Font Info:    Checking defaults for OML/cmm/m/it on input line 203.
LaTeX Font Info:    ... okay on input line 203.
LaTeX Font Info:    Checking defaults for T1/cmr/m/n on input line 203.
LaTeX Font Info:    ... okay on input line 203.
LaTeX Font Info:    Checking defaults for OT1/cmr/m/n on input line 203.
LaTeX Font Info:    ... okay on input line 203.
LaTeX Font Info:    Checking defaults for OMS/cmsy/m/n on input line 203.
LaTeX Font Info:    ... okay on input line 203.
LaTeX Font Info:    Checking defaults for OMX/cmex/m/n on input line 203.
LaTeX Font Info:    ... okay on input line 203.
LaTeX Font Info:    Checking defaults for U/cmr/m/n on input line 203.
LaTeX Font Info:    ... okay on input line 203.

(/sasbuild/build/sasbld12/GNU_CC_CXX_6.2/reltrack_relgfortran6.2_6.2_build/pack
ages/dal/doc/reference/dal.aux

LaTeX Warning: Label `dal:errors' multiply defined.


LaTeX Warning: Label `dal:dev:attribute' multiply defined.


LaTeX Warning: Label `dal:dev:block' multiply defined.


LaTeX Warning: Label `dal:dev:array' multiply defined.


LaTeX Warning: Label `dal:dev:table' multiply defined.


LaTeX Warning: Label `dal:dev:column' multiply defined.


LaTeX Warning: Label `func:f90:addArray' multiply defined.


LaTeX Warning: Label `func:f90:addAttributes' multiply defined.


LaTeX Warning: Label `func:f90:addColumn' multiply defined.


LaTeX Warning: Label `func:f90:addComment' multiply defined.


LaTeX Warning: Label `func:f90:addHistory' multiply defined.


LaTeX Warning: Label `func:f90:addTable' multiply defined.


LaTeX Warning: Label `func:f90:array' multiply defined.


LaTeX Warning: Label `func:f90:attributable' multiply defined.


LaTeX Warning: Label `func:f90:attribute' multiply defined.


LaTeX Warning: Label `func:f90:block' multiply defined.


LaTeX Warning: Label `func:f90:block' multiply defined.


LaTeX Warning: Label `func:f90:blockNumber' multiply defined.


LaTeX Warning: Label `func:f90:blockType' multiply defined.


LaTeX Warning: Label `func:f90:booleanAttribute' multiply defined.


LaTeX Warning: Label `func:f90:boolArray2Data' multiply defined.


LaTeX Warning: Label `func:f90:boolArray2Data' multiply defined.


LaTeX Warning: Label `func:f90:boolArray3Data' multiply defined.


LaTeX Warning: Label `func:f90:boolArray3Data' multiply defined.


LaTeX Warning: Label `func:f90:boolArray4Data' multiply defined.


LaTeX Warning: Label `func:f90:boolArray4Data' multiply defined.


LaTeX Warning: Label `func:f90:boolData' multiply defined.


LaTeX Warning: Label `func:f90:boolVectorData' multiply defined.


LaTeX Warning: Label `func:f90:boolVectorData' multiply defined.


LaTeX Warning: Label `func:f90:clobber' multiply defined.


LaTeX Warning: Label `func:f90:column' multiply defined.


LaTeX Warning: Label `func:f90:columnNumber' multiply defined.


LaTeX Warning: Label `func:f90:copyBlock' multiply defined.


LaTeX Warning: Label `func:f90:copyColumn' multiply defined.


LaTeX Warning: Label `func:f90:copyDataSet' multiply defined.


LaTeX Warning: Label `func:f90:clone' multiply defined.


LaTeX Warning: Label `func:f90:copyRows' multiply defined.


LaTeX Warning: Label `func:f90:count' multiply defined.


LaTeX Warning: Label `func:f90:dataComponent' multiply defined.


LaTeX Warning: Label `func:f90:dataSet' multiply defined.


LaTeX Warning: Label `func:f90:dataType' multiply defined.


LaTeX Warning: Label `func:f90:deleteAttribute' multiply defined.


LaTeX Warning: Label `func:f90:deleteBlock' multiply defined.


LaTeX Warning: Label `func:f90:deleteColumn' multiply defined.


LaTeX Warning: Label `func:f90:deleteRows' multiply defined.


LaTeX Warning: Label `func:f90:discardDataSet' multiply defined.


LaTeX Warning: Label `func:f90:dimensions' multiply defined.


LaTeX Warning: Label `func:f90:forEachBlock' multiply defined.


LaTeX Warning: Label `func:f90:forEachColumn' multiply defined.


LaTeX Warning: Label `func:f90:forEachSubTable' multiply defined.


LaTeX Warning: Label `func:f90:forEachRow' multiply defined.


LaTeX Warning: Label `func:f90:from' multiply defined.


LaTeX Warning: Label `func:f90:hasAttribute' multiply defined.


LaTeX Warning: Label `func:f90:hasBlock' multiply defined.


LaTeX Warning: Label `func:f90:hasColumn' multiply defined.


LaTeX Warning: Label `func:f90:hasNulls' multiply defined.


LaTeX Warning: Label `func:f90:hasScaling' multiply defined.


LaTeX Warning: Label `func:f90:insertRows' multiply defined.


LaTeX Warning: Label `func:f90:int8Array2Data' multiply defined.


LaTeX Warning: Label `func:f90:int8Array2Data' multiply defined.


LaTeX Warning: Label `func:f90:int8Array3Data' multiply defined.


LaTeX Warning: Label `func:f90:int8Array3Data' multiply defined.


LaTeX Warning: Label `func:f90:int8Array4Data' multiply defined.


LaTeX Warning: Label `func:f90:int8Array4Data' multiply defined.


LaTeX Warning: Label `func:f90:int8Attribute' multiply defined.


LaTeX Warning: Label `func:f90:int8Data' multiply defined.


LaTeX Warning: Label `func:f90:int8VectorData' multiply defined.


LaTeX Warning: Label `func:f90:int8VectorData' multiply defined.


LaTeX Warning: Label `func:f90:int16Array2Data' multiply defined.


LaTeX Warning: Label `func:f90:int16Array2Data' multiply defined.


LaTeX Warning: Label `func:f90:int16Array3Data' multiply defined.


LaTeX Warning: Label `func:f90:int16Array3Data' multiply defined.


LaTeX Warning: Label `func:f90:int16Array4Data' multiply defined.


LaTeX Warning: Label `func:f90:int16Array4Data' multiply defined.


LaTeX Warning: Label `func:f90:int16Attribute' multiply defined.


LaTeX Warning: Label `func:f90:int16Data' multiply defined.


LaTeX Warning: Label `func:f90:int16VectorData' multiply defined.


LaTeX Warning: Label `func:f90:int16VectorData' multiply defined.


LaTeX Warning: Label `func:f90:int32Array2Data' multiply defined.


LaTeX Warning: Label `func:f90:int32Array2Data' multiply defined.


LaTeX Warning: Label `func:f90:int32Array3Data' multiply defined.


LaTeX Warning: Label `func:f90:int32Array3Data' multiply defined.


LaTeX Warning: Label `func:f90:int32Array4Data' multiply defined.


LaTeX Warning: Label `func:f90:int32Array4Data' multiply defined.


LaTeX Warning: Label `func:f90:int32Attribute' multiply defined.


LaTeX Warning: Label `func:f90:int32Data' multiply defined.


LaTeX Warning: Label `func:f90:int32VectorData' multiply defined.


LaTeX Warning: Label `func:f90:int32VectorData' multiply defined.


LaTeX Warning: Label `func:f90:intNullValue' multiply defined.


LaTeX Warning: Label `func:f90:isNotNull' multiply defined.


LaTeX Warning: Label `func:f90:isNull' multiply defined.


LaTeX Warning: Label `func:f90:keepDataSet' multiply defined.


LaTeX Warning: Label `func:f90:label' multiply defined.


LaTeX Warning: Label `func:f90:labelled' multiply defined.


LaTeX Warning: Label `func:f90:mode' multiply defined.


LaTeX Warning: Label `func:f90:mode' multiply defined.


LaTeX Warning: Label `func:f90:next' multiply defined.


LaTeX Warning: Label `func:f90:nullable' multiply defined.


LaTeX Warning: Label `func:f90:nullDefined' multiply defined.


LaTeX Warning: Label `func:f90:nullType' multiply defined.


LaTeX Warning: Label `func:f90:numberOfAttributes' multiply defined.


LaTeX Warning: Label `func:f90:numberOfBlocks' multiply defined.


LaTeX Warning: Label `func:f90:numberOfColumns' multiply defined.


LaTeX Warning: Label `func:f90:numberOfDimensions' multiply defined.


LaTeX Warning: Label `func:f90:numberOfElements' multiply defined.


LaTeX Warning: Label `func:f90:numberOfRows' multiply defined.


LaTeX Warning: Label `func:f90:parent' multiply defined.


LaTeX Warning: Label `func:f90:parent' multiply defined.


LaTeX Warning: Label `func:f90:parent' multiply defined.


LaTeX Warning: Label `func:f90:parent' multiply defined.


LaTeX Warning: Label `func:f90:parent' multiply defined.


LaTeX Warning: Label `func:f90:qualifiedName' multiply defined.


LaTeX Warning: Label `func:f90:real32Array2Data' multiply defined.


LaTeX Warning: Label `func:f90:real32Array2Data' multiply defined.


LaTeX Warning: Label `func:f90:real32Array3Data' multiply defined.


LaTeX Warning: Label `func:f90:real32Array3Data' multiply defined.


LaTeX Warning: Label `func:f90:real32Array4Data' multiply defined.


LaTeX Warning: Label `func:f90:real32Array4Data' multiply defined.


LaTeX Warning: Label `func:f90:real32Attribute' multiply defined.


LaTeX Warning: Label `func:f90:real32Data' multiply defined.


LaTeX Warning: Label `func:f90:real32VectorData' multiply defined.


LaTeX Warning: Label `func:f90:real32VectorData' multiply defined.


LaTeX Warning: Label `func:f90:real64Array2Data' multiply defined.


LaTeX Warning: Label `func:f90:real64Array2Data' multiply defined.


LaTeX Warning: Label `func:f90:real64Array3Data' multiply defined.


LaTeX Warning: Label `func:f90:real64Array3Data' multiply defined.


LaTeX Warning: Label `func:f90:real64Array4Data' multiply defined.


LaTeX Warning: Label `func:f90:real64Array4Data' multiply defined.


LaTeX Warning: Label `func:f90:real64Attribute' multiply defined.


LaTeX Warning: Label `func:f90:real64Data' multiply defined.


LaTeX Warning: Label `func:f90:real64VectorData' multiply defined.


LaTeX Warning: Label `func:f90:real64VectorData' multiply defined.


LaTeX Warning: Label `func:f90:relabel' multiply defined.


LaTeX Warning: Label `func:f90:release' multiply defined.


LaTeX Warning: Label `func:f90:rename' multiply defined.


LaTeX Warning: Label `func:f90:scale' multiply defined.


LaTeX Warning: Label `func:f90:setAttribute' multiply defined.


LaTeX Warning: Label `func:f90:setAttributes' multiply defined.


LaTeX Warning: Label `func:f90:setData' multiply defined.


LaTeX Warning: Label `func:f90:setExists' multiply defined.


LaTeX Warning: Label `func:f90:setNullValue' multiply defined.


LaTeX Warning: Label `func:f90:setScaling' multiply defined.


LaTeX Warning: Label `func:f90:setStringCell' multiply defined.


LaTeX Warning: Label `func:f90:setToNull' multiply defined.


LaTeX Warning: Label `func:f90:setUnits' multiply defined.


LaTeX Warning: Label `func:f90:stringAttribute' multiply defined.


LaTeX Warning: Label `func:f90:stringCell' multiply defined.


LaTeX Warning: Label `func:f90:subTable' multiply defined.


LaTeX Warning: Label `func:f90:table' multiply defined.


LaTeX Warning: Label `func:f90:units' multiply defined.


LaTeX Warning: Label `func:f90:unsetScaling' multiply defined.


LaTeX Warning: Label `func:f90:zero' multiply defined.


LaTeX Warning: Label `dal:reference:f90: addArray( dataSet, name, dataType, num
berofDimensions, dimensions, units, label, position ); ' multiply defined.


LaTeX Warning: Label `dal:reference:f90: addColumn( table, name, dataType, unit
s, label, numberofDimensions, dimensions, position ) ' multiply defined.


LaTeX Warning: Label `dal:reference:f90: addCommentTo<type>( object, comment ) 
' multiply defined.


LaTeX Warning: Label `dal:reference:f90: addHistoryTo<type>( object, history ) 
' multiply defined.


LaTeX Warning: Label `dal:reference:f90: addTable( dataSet, name, numberOfRows,
 label, position ) ' multiply defined.


LaTeX Warning: Label `dal:reference:f90: <type>AttributeComment( object, name )
 ' multiply defined.


LaTeX Warning: Label `dal:reference:f90: <type>AttributeUnits( object, name ) '
 multiply defined.


LaTeX Warning: Label `dal:reference:f90: <type>AttributeWithName( object, name 
) ' multiply defined.


LaTeX Warning: Label `dal:reference:f90: arrayDataType( array ) ' multiply defi
ned.


LaTeX Warning: Label `dal:reference:f90: bool8 <type>HasAttribute( attributable
, name ) ' multiply defined.


LaTeX Warning: Label `dal:reference:f90: <type>Label( object ) ' multiply defin
ed.


LaTeX Warning: Label `dal:reference:f90: <type>ToAttributable( attributable ) '
 multiply defined.


LaTeX Warning: Label `dal:reference:f90: arrayUnits( array ) ' multiply defined
.


LaTeX Warning: Label `dal:reference:f90: arrayWithName( dataSet, name ) ' multi
ply defined.


LaTeX Warning: Label `dal:reference:f90: Array * arrayWithNumber( dataSet, posi
tion ) ' multiply defined.


LaTeX Warning: Label `dal:reference:f90: attributeDataType( attribute ) ' multi
ply defined.


LaTeX Warning: Label `dal:reference:f90: attributeLabel( attribute ) ' multiply
 defined.


LaTeX Warning: Label `dal:reference:f90: attributeUnits( attribute ) ' multiply
 defined.


LaTeX Warning: Label `dal:reference:f90: blockNumber( dataSet, name ) ' multipl
y defined.


LaTeX Warning: Label `dal:reference:f90: blockType( block ) ' multiply defined.



LaTeX Warning: Label `dal:reference:f90: blockWithName( dataSet, name ) ' multi
ply defined.


LaTeX Warning: Label `dal:reference:f90: blockWithNumber( dataSet, position ) '
 multiply defined.


LaTeX Warning: Label `dal:reference:f90: <type><attributable>Attribute( object,
 name ); ' multiply defined.


LaTeX Warning: Label `dal:reference:f90: <type>ArrayData( array ) ' multiply de
fined.


LaTeX Warning: Label `dal:reference:f90: <type>Attribute( attribute ) ' multipl
y defined.


LaTeX Warning: Label `dal:reference:f90: <type>CellData( column, rowNumber ) ' 
multiply defined.


LaTeX Warning: Label `dal:reference:f90: <type>ColumnData( column ) ' multiply 
defined.


LaTeX Warning: Label `dal:reference:f90: int cellSize( column, rowNumber ) ' mu
ltiply defined.


LaTeX Warning: Label `dal:reference:f90: cellType( column ) ' multiply defined.



LaTeX Warning: Label `dal:reference:f90: clobber() ' multiply defined.


LaTeX Warning: Label `dal:reference:f90: unsigned long columnDataIndex( column,
 rowNumber, numberOfDimensions, dimensions ) ' multiply defined.


LaTeX Warning: Label `dal:reference:f90: columnDataType( column ) ' multiply de
fined.


LaTeX Warning: Label `dal:reference:f90: columnNumber( table, name ) ' multiply
 defined.


LaTeX Warning: Label `dal:reference:f90: columnUnits( column ) ' multiply defin
ed.


LaTeX Warning: Label `dal:reference:f90: columnWithName( table, name ) ' multip
ly defined.


LaTeX Warning: Label `dal:reference:f90: columnWithNumber( table, position ) ' 
multiply defined.


LaTeX Warning: Label `dal:reference:f90: const char * commentOf<object>( attrib
utable, number) ' multiply defined.


LaTeX Warning: Label `dal:reference:f90: copyAttributesOf<object>( to, from, co
pyMode ) ' multiply defined.


LaTeX Warning: Label `dal:reference:f90: copyAttributeTo<object>( attributable,
 attribute ) ' multiply defined.


LaTeX Warning: Label `dal:reference:f90: copyRows( table, from, to, count ) ' m
ultiply defined.


LaTeX Warning: Label `dal:reference:f90: dataServerClient( clientName ) ' multi
ply defined.


LaTeX Warning: Label `dal:reference:f90: DataSet * dataSet( dataSetName, openMo
de, memoryModel ) ' multiply defined.


LaTeX Warning: Label `dal:reference:f90: dataSetHasBlock( dataSet, name) ' mult
iply defined.


LaTeX Warning: Label `dal:reference:f90: delete<type>AttributeWithName( attribu
table, name ) ' multiply defined.


LaTeX Warning: Label `dal:reference:f90: delete<type>AttributeWithNumber( attri
butable, number ) ' multiply defined.


LaTeX Warning: Label `dal:reference:f90: deleteAttribute( attribute ) ' multipl
y defined.


LaTeX Warning: Label `dal:reference:f90: deleteBlockWithName( dataSet, name ) '
 multiply defined.


LaTeX Warning: Label `dal:reference:f90: deleteBlockWithNumber( dataSet, positi
on ) ' multiply defined.


LaTeX Warning: Label `dal:reference:f90: deleteColumnWithName( table, name ) ' 
multiply defined.


LaTeX Warning: Label `dal:reference:f90: deleteColumnWithNumber( table, positio
n ) ' multiply defined.


LaTeX Warning: Label `dal:reference:f90: deleteRows( table, from, count ) ' mul
tiply defined.


LaTeX Warning: Label `dal:reference:f90: dimensionsOfArray( array ) ' multiply 
defined.


LaTeX Warning: Label `dal:reference:f90: dimensionsOfArray( column ) ' multiply
 defined.


LaTeX Warning: Label `dal:reference:f90: discardDataSet( dataSetName ) ' multip
ly defined.


LaTeX Warning: Label `dal:reference:f90: forEachSubTable( table, callThisFuncti
on ) ' multiply defined.


LaTeX Warning: Label `dal:reference:f90: hasScalingOfArray( array ) ' multiply 
defined.


LaTeX Warning: Label `dal:reference:f90: bool8 hasScalingOfColumn( column ) ' m
ultiply defined.


LaTeX Warning: Label `dal:reference:f90: historyOf<type>( attributable, number 
) ' multiply defined.


LaTeX Warning: Label `dal:reference:f90: insertRows( table, pos, count ) ' mult
iply defined.


LaTeX Warning: Label `dal:reference:f90: keepDataSet( dataSetName ) ' multiply 
defined.


LaTeX Warning: Label `dal:reference:f90: mode( dataSet ) ' multiply defined.


LaTeX Warning: Label `dal:reference:f90: nameOf<object>( labelled ) ' multiply 
defined.


LaTeX Warning: Label `dal:reference:f90: numberOfBlocks( dataSet ) ' multiply d
efined.


LaTeX Warning: Label `dal:reference:f90: numberOfColumns( table ) ' multiply de
fined.


LaTeX Warning: Label `dal:reference:f90: numberOfCommentsOf<object>( attributab
le ) ' multiply defined.


LaTeX Warning: Label `dal:reference:f90: numberOfDimensionsOfArray( array ) ' m
ultiply defined.


LaTeX Warning: Label `dal:reference:f90: numberOfDimensionsOfColumn( column ) '
 multiply defined.


LaTeX Warning: Label `dal:reference:f90: numberOfElementsOfArray( array ) ' mul
tiply defined.


LaTeX Warning: Label `dal:reference:f90: numberOfElementsOfColumn( column ) ' m
ultiply defined.


LaTeX Warning: Label `dal:reference:f90: numberOfHistorysOf<object>( attributab
le ) ' multiply defined.


LaTeX Warning: Label `dal:reference:f90: numberOfRowsOfTable( table ) ' multipl
y defined.


LaTeX Warning: Label `dal:reference:f90: numberOfRowsOfColumn( column ) ' multi
ply defined.


LaTeX Warning: Label `dal:reference:f90: relabel<object>( labelled, newLabel ) 
' multiply defined.


LaTeX Warning: Label `dal:reference:f90: void release<object>( releasable ) ' m
ultiply defined.


LaTeX Warning: Label `dal:reference:f90: rename<object>( labelled, newName ) ' 
multiply defined.


LaTeX Warning: Label `dal:reference:f90: set<type><object>Attribute( attributab
le, name, value, comment ); ' multiply defined.


LaTeX Warning: Label `dal:reference:f90: set<type>Attribute( attribute, value, 
comment ) ' multiply defined.


LaTeX Warning: Label `dal:reference:f90: setCellSize( column, rowNumber, size )
 ' multiply defined.


LaTeX Warning: Label `dal:reference:f90: setExists( setName ) ' multiply define
d.


LaTeX Warning: Label `dal:reference:f90: tableHasColumn( table, name) ' multipl
y defined.


LaTeX Warning: Label `dal:reference:f90: tableWithName( dataSet, name ) ' multi
ply defined.


LaTeX Warning: Label `dal:reference:f90: tableWithNumber( dataSet, position ) '
 multiply defined.

)

latex2htmlLength hsize=451.0pt

latex2htmlLength vsize=554.0pt

latex2htmlLength hoffset=0.0pt

latex2htmlLength voffset=0.0pt

latex2htmlLength topmargin=0.0pt

latex2htmlLength topskip=0.00003pt

latex2htmlLength headheight=0.0pt

latex2htmlLength headsep=0.0pt

latex2htmlLength parskip=12.0pt

latex2htmlLength oddsidemargin=0.0pt

latex2htmlLength evensidemargin=0.0pt

LaTeX Font Info:    External font `cmex10' loaded for size
(Font)              <7> on input line 252.
LaTeX Font Info:    External font `cmex10' loaded for size
(Font)              <5> on input line 252.
l2hSize :tex2html_wrap_inline8259:6.95831pt::6.95831pt::8.27783pt.
[1



]
l2hSize :tex2html_wrap_inline8261:6.95831pt::6.95831pt::8.27783pt.
[2


] (./images.aux)

LaTeX Warning: There were multiply-defined labels.

 ) 
Here is how much of TeX's memory you used:
 1921 strings out of 493014
 32118 string characters out of 6122337
 78204 words of memory out of 5000000
 5465 multiletter control sequences out of 15000+600000
 3640 words of font info for 14 fonts, out of 8000000 for 9000
 1141 hyphenation exceptions out of 8191
 39i,5n,45p,386b,147s stack positions out of 5000i,500n,10000p,200000b,80000s

Output written on images.dvi (2 pages, 560 bytes).
